{"/Users/pdeona/Desktop/react-firebase-subscribable/src/AuthProvider.js": {"path":"/Users/pdeona/Desktop/react-firebase-subscribable/src/AuthProvider.js","statementMap":{"0":{"start":{"line":18,"column":27},"end":{"line":18,"column":61}},"1":{"start":{"line":28,"column":35},"end":{"line":28,"column":45}},"2":{"start":{"line":29,"column":4},"end":{"line":32,"column":5}},"3":{"start":{"line":30,"column":13},"end":{"line":30,"column":21}},"4":{"start":{"line":31,"column":12},"end":{"line":31,"column":58}},"5":{"start":{"line":36,"column":4},"end":{"line":47,"column":5}},"6":{"start":{"line":37,"column":6},"end":{"line":46,"column":7}},"7":{"start":{"line":42,"column":30},"end":{"line":43,"column":60}},"8":{"start":{"line":48,"column":4},"end":{"line":56,"column":5}},"9":{"start":{"line":49,"column":31},"end":{"line":49,"column":41}},"10":{"start":{"line":51,"column":6},"end":{"line":51,"column":81}},"11":{"start":{"line":53,"column":6},"end":{"line":55,"column":7}},"12":{"start":{"line":54,"column":8},"end":{"line":54,"column":57}},"13":{"start":{"line":60,"column":4},"end":{"line":60,"column":44}},"14":{"start":{"line":60,"column":26},"end":{"line":60,"column":44}},"15":{"start":{"line":64,"column":25},"end":{"line":64,"column":35}},"16":{"start":{"line":65,"column":21},"end":{"line":65,"column":31}},"17":{"start":{"line":66,"column":4},"end":{"line":70,"column":5}}},"fnMap":{"0":{"name":"(anonymous_0)","decl":{"start":{"line":27,"column":41},"end":{"line":27,"column":42}},"loc":{"start":{"line":27,"column":49},"end":{"line":33,"column":3}},"line":27},"1":{"name":"(anonymous_1)","decl":{"start":{"line":30,"column":6},"end":{"line":30,"column":7}},"loc":{"start":{"line":30,"column":13},"end":{"line":30,"column":21}},"line":30},"2":{"name":"(anonymous_2)","decl":{"start":{"line":31,"column":6},"end":{"line":31,"column":7}},"loc":{"start":{"line":31,"column":12},"end":{"line":31,"column":58}},"line":31},"3":{"name":"(anonymous_3)","decl":{"start":{"line":35,"column":2},"end":{"line":35,"column":3}},"loc":{"start":{"line":35,"column":22},"end":{"line":57,"column":3}},"line":35},"4":{"name":"(anonymous_4)","decl":{"start":{"line":42,"column":21},"end":{"line":42,"column":22}},"loc":{"start":{"line":42,"column":30},"end":{"line":43,"column":60}},"line":42},"5":{"name":"(anonymous_5)","decl":{"start":{"line":59,"column":2},"end":{"line":59,"column":3}},"loc":{"start":{"line":59,"column":25},"end":{"line":61,"column":3}},"line":59},"6":{"name":"(anonymous_6)","decl":{"start":{"line":63,"column":2},"end":{"line":63,"column":3}},"loc":{"start":{"line":63,"column":11},"end":{"line":71,"column":3}},"line":63}},"branchMap":{"0":{"loc":{"start":{"line":31,"column":12},"end":{"line":31,"column":58}},"type":"binary-expr","locations":[{"start":{"line":31,"column":12},"end":{"line":31,"column":30}},{"start":{"line":31,"column":34},"end":{"line":31,"column":58}}],"line":31},"1":{"loc":{"start":{"line":36,"column":4},"end":{"line":47,"column":5}},"type":"if","locations":[{"start":{"line":36,"column":4},"end":{"line":47,"column":5}},{"start":{"line":36,"column":4},"end":{"line":47,"column":5}}],"line":36},"2":{"loc":{"start":{"line":42,"column":30},"end":{"line":43,"column":60}},"type":"binary-expr","locations":[{"start":{"line":42,"column":30},"end":{"line":42,"column":34}},{"start":{"line":43,"column":15},"end":{"line":43,"column":60}}],"line":42},"3":{"loc":{"start":{"line":53,"column":6},"end":{"line":55,"column":7}},"type":"if","locations":[{"start":{"line":53,"column":6},"end":{"line":55,"column":7}},{"start":{"line":53,"column":6},"end":{"line":55,"column":7}}],"line":53},"4":{"loc":{"start":{"line":60,"column":4},"end":{"line":60,"column":44}},"type":"if","locations":[{"start":{"line":60,"column":4},"end":{"line":60,"column":44}},{"start":{"line":60,"column":4},"end":{"line":60,"column":44}}],"line":60}},"s":{"0":1,"1":0,"2":0,"3":0,"4":0,"5":0,"6":0,"7":0,"8":0,"9":0,"10":0,"11":0,"12":0,"13":0,"14":0,"15":0,"16":0,"17":0},"f":{"0":0,"1":0,"2":0,"3":0,"4":0,"5":0,"6":0},"b":{"0":[0,0],"1":[0,0],"2":[0,0],"3":[0,0],"4":[0,0]},"_coverageSchema":"332fd63041d2c1bcb487cc26dd0d5f7d97098a6c","hash":"67d8dbcf0a67ca9e3bae0fb20ebdedfd2439c95a"}
,"/Users/pdeona/Desktop/react-firebase-subscribable/src/AuthSubscribable.js": {"path":"/Users/pdeona/Desktop/react-firebase-subscribable/src/AuthSubscribable.js","statementMap":{"0":{"start":{"line":22,"column":6},"end":{"line":37,"column":7}},"1":{"start":{"line":23,"column":8},"end":{"line":36,"column":9}},"2":{"start":{"line":28,"column":41},"end":{"line":29,"column":62}},"3":{"start":{"line":38,"column":6},"end":{"line":46,"column":7}},"4":{"start":{"line":39,"column":53},"end":{"line":39,"column":63}},"5":{"start":{"line":41,"column":8},"end":{"line":41,"column":79}},"6":{"start":{"line":43,"column":8},"end":{"line":45,"column":9}},"7":{"start":{"line":44,"column":10},"end":{"line":44,"column":59}},"8":{"start":{"line":50,"column":6},"end":{"line":50,"column":48}},"9":{"start":{"line":50,"column":29},"end":{"line":50,"column":48}},"10":{"start":{"line":54,"column":6},"end":{"line":54,"column":49}},"11":{"start":{"line":58,"column":2},"end":{"line":58,"column":60}}},"fnMap":{"0":{"name":"(anonymous_0)","decl":{"start":{"line":13,"column":15},"end":{"line":13,"column":16}},"loc":{"start":{"line":13,"column":55},"end":{"line":59,"column":1}},"line":13},"1":{"name":"(anonymous_1)","decl":{"start":{"line":21,"column":4},"end":{"line":21,"column":5}},"loc":{"start":{"line":21,"column":24},"end":{"line":47,"column":5}},"line":21},"2":{"name":"(anonymous_2)","decl":{"start":{"line":28,"column":23},"end":{"line":28,"column":24}},"loc":{"start":{"line":28,"column":41},"end":{"line":29,"column":62}},"line":28},"3":{"name":"(anonymous_3)","decl":{"start":{"line":49,"column":4},"end":{"line":49,"column":5}},"loc":{"start":{"line":49,"column":27},"end":{"line":51,"column":5}},"line":49},"4":{"name":"(anonymous_4)","decl":{"start":{"line":53,"column":4},"end":{"line":53,"column":5}},"loc":{"start":{"line":53,"column":13},"end":{"line":55,"column":5}},"line":53}},"branchMap":{"0":{"loc":{"start":{"line":18,"column":6},"end":{"line":18,"column":59}},"type":"binary-expr","locations":[{"start":{"line":18,"column":6},"end":{"line":18,"column":34}},{"start":{"line":18,"column":38},"end":{"line":18,"column":59}}],"line":18},"1":{"loc":{"start":{"line":22,"column":6},"end":{"line":37,"column":7}},"type":"if","locations":[{"start":{"line":22,"column":6},"end":{"line":37,"column":7}},{"start":{"line":22,"column":6},"end":{"line":37,"column":7}}],"line":22},"2":{"loc":{"start":{"line":28,"column":41},"end":{"line":29,"column":62}},"type":"binary-expr","locations":[{"start":{"line":28,"column":41},"end":{"line":28,"column":53}},{"start":{"line":29,"column":17},"end":{"line":29,"column":62}}],"line":28},"3":{"loc":{"start":{"line":43,"column":8},"end":{"line":45,"column":9}},"type":"if","locations":[{"start":{"line":43,"column":8},"end":{"line":45,"column":9}},{"start":{"line":43,"column":8},"end":{"line":45,"column":9}}],"line":43},"4":{"loc":{"start":{"line":50,"column":6},"end":{"line":50,"column":48}},"type":"if","locations":[{"start":{"line":50,"column":6},"end":{"line":50,"column":48}},{"start":{"line":50,"column":6},"end":{"line":50,"column":48}}],"line":50}},"s":{"0":0,"1":0,"2":0,"3":0,"4":0,"5":0,"6":0,"7":0,"8":0,"9":0,"10":0,"11":0},"f":{"0":0,"1":0,"2":0,"3":0,"4":0},"b":{"0":[0,0],"1":[0,0],"2":[0,0],"3":[0,0],"4":[0,0]},"_coverageSchema":"332fd63041d2c1bcb487cc26dd0d5f7d97098a6c","hash":"0dd2d216e5bf3eee5ff97f96e01d5ca7ff06d151"}
,"/Users/pdeona/Desktop/react-firebase-subscribable/src/FirestoreProvider.js": {"path":"/Users/pdeona/Desktop/react-firebase-subscribable/src/FirestoreProvider.js","statementMap":{"0":{"start":{"line":19,"column":32},"end":{"line":22,"column":2}},"1":{"start":{"line":34,"column":4},"end":{"line":34,"column":16}},"2":{"start":{"line":35,"column":4},"end":{"line":35,"column":24}},"3":{"start":{"line":36,"column":4},"end":{"line":39,"column":5}},"4":{"start":{"line":43,"column":23},"end":{"line":43,"column":33}},"5":{"start":{"line":44,"column":4},"end":{"line":44,"column":34}},"6":{"start":{"line":48,"column":4},"end":{"line":48,"column":23}},"7":{"start":{"line":49,"column":4},"end":{"line":49,"column":20}},"8":{"start":{"line":53,"column":23},"end":{"line":53,"column":33}},"9":{"start":{"line":54,"column":4},"end":{"line":58,"column":5}},"10":{"start":{"line":55,"column":6},"end":{"line":55,"column":46}},"11":{"start":{"line":55,"column":28},"end":{"line":55,"column":46}},"12":{"start":{"line":57,"column":6},"end":{"line":57,"column":22}},"13":{"start":{"line":62,"column":4},"end":{"line":62,"column":44}},"14":{"start":{"line":62,"column":26},"end":{"line":62,"column":44}},"15":{"start":{"line":63,"column":4},"end":{"line":63,"column":24}},"16":{"start":{"line":67,"column":23},"end":{"line":67,"column":33}},"17":{"start":{"line":69,"column":4},"end":{"line":88,"column":6}},"18":{"start":{"line":70,"column":6},"end":{"line":70,"column":31}},"19":{"start":{"line":70,"column":25},"end":{"line":70,"column":31}},"20":{"start":{"line":72,"column":31},"end":{"line":72,"column":48}},"21":{"start":{"line":73,"column":6},"end":{"line":78,"column":8}},"22":{"start":{"line":74,"column":8},"end":{"line":76,"column":9}},"23":{"start":{"line":75,"column":10},"end":{"line":75,"column":21}},"24":{"start":{"line":77,"column":8},"end":{"line":77,"column":46}},"25":{"start":{"line":81,"column":30},"end":{"line":81,"column":47}},"26":{"start":{"line":82,"column":6},"end":{"line":87,"column":8}},"27":{"start":{"line":83,"column":8},"end":{"line":85,"column":9}},"28":{"start":{"line":84,"column":10},"end":{"line":84,"column":21}},"29":{"start":{"line":86,"column":8},"end":{"line":86,"column":45}},"30":{"start":{"line":92,"column":25},"end":{"line":92,"column":35}},"31":{"start":{"line":93,"column":4},"end":{"line":97,"column":5}}},"fnMap":{"0":{"name":"(anonymous_0)","decl":{"start":{"line":21,"column":13},"end":{"line":21,"column":14}},"loc":{"start":{"line":21,"column":19},"end":{"line":21,"column":21}},"line":21},"1":{"name":"(anonymous_1)","decl":{"start":{"line":33,"column":2},"end":{"line":33,"column":3}},"loc":{"start":{"line":33,"column":45},"end":{"line":40,"column":3}},"line":33},"2":{"name":"(anonymous_2)","decl":{"start":{"line":42,"column":14},"end":{"line":42,"column":15}},"loc":{"start":{"line":42,"column":62},"end":{"line":45,"column":3}},"line":42},"3":{"name":"(anonymous_3)","decl":{"start":{"line":47,"column":2},"end":{"line":47,"column":3}},"loc":{"start":{"line":47,"column":22},"end":{"line":50,"column":3}},"line":47},"4":{"name":"(anonymous_4)","decl":{"start":{"line":52,"column":2},"end":{"line":52,"column":3}},"loc":{"start":{"line":52,"column":56},"end":{"line":59,"column":3}},"line":52},"5":{"name":"(anonymous_5)","decl":{"start":{"line":61,"column":2},"end":{"line":61,"column":3}},"loc":{"start":{"line":61,"column":25},"end":{"line":64,"column":3}},"line":61},"6":{"name":"(anonymous_6)","decl":{"start":{"line":66,"column":14},"end":{"line":66,"column":15}},"loc":{"start":{"line":66,"column":26},"end":{"line":89,"column":3}},"line":66},"7":{"name":"(anonymous_7)","decl":{"start":{"line":69,"column":40},"end":{"line":69,"column":41}},"loc":{"start":{"line":69,"column":46},"end":{"line":88,"column":5}},"line":69},"8":{"name":"(anonymous_8)","decl":{"start":{"line":73,"column":20},"end":{"line":73,"column":21}},"loc":{"start":{"line":73,"column":29},"end":{"line":78,"column":7}},"line":73},"9":{"name":"(anonymous_9)","decl":{"start":{"line":82,"column":20},"end":{"line":82,"column":21}},"loc":{"start":{"line":82,"column":29},"end":{"line":87,"column":7}},"line":82},"10":{"name":"(anonymous_10)","decl":{"start":{"line":91,"column":2},"end":{"line":91,"column":3}},"loc":{"start":{"line":91,"column":11},"end":{"line":98,"column":3}},"line":91}},"branchMap":{"0":{"loc":{"start":{"line":54,"column":4},"end":{"line":58,"column":5}},"type":"if","locations":[{"start":{"line":54,"column":4},"end":{"line":58,"column":5}},{"start":{"line":54,"column":4},"end":{"line":58,"column":5}}],"line":54},"1":{"loc":{"start":{"line":55,"column":6},"end":{"line":55,"column":46}},"type":"if","locations":[{"start":{"line":55,"column":6},"end":{"line":55,"column":46}},{"start":{"line":55,"column":6},"end":{"line":55,"column":46}}],"line":55},"2":{"loc":{"start":{"line":62,"column":4},"end":{"line":62,"column":44}},"type":"if","locations":[{"start":{"line":62,"column":4},"end":{"line":62,"column":44}},{"start":{"line":62,"column":4},"end":{"line":62,"column":44}}],"line":62},"3":{"loc":{"start":{"line":70,"column":6},"end":{"line":70,"column":31}},"type":"if","locations":[{"start":{"line":70,"column":6},"end":{"line":70,"column":31}},{"start":{"line":70,"column":6},"end":{"line":70,"column":31}}],"line":70},"4":{"loc":{"start":{"line":74,"column":8},"end":{"line":76,"column":9}},"type":"if","locations":[{"start":{"line":74,"column":8},"end":{"line":76,"column":9}},{"start":{"line":74,"column":8},"end":{"line":76,"column":9}}],"line":74},"5":{"loc":{"start":{"line":83,"column":8},"end":{"line":85,"column":9}},"type":"if","locations":[{"start":{"line":83,"column":8},"end":{"line":85,"column":9}},{"start":{"line":83,"column":8},"end":{"line":85,"column":9}}],"line":83}},"s":{"0":1,"1":0,"2":0,"3":0,"4":0,"5":0,"6":0,"7":0,"8":0,"9":0,"10":0,"11":0,"12":0,"13":0,"14":0,"15":0,"16":0,"17":0,"18":0,"19":0,"20":0,"21":0,"22":0,"23":0,"24":0,"25":0,"26":0,"27":0,"28":0,"29":0,"30":0,"31":0},"f":{"0":0,"1":0,"2":0,"3":0,"4":0,"5":0,"6":0,"7":0,"8":0,"9":0,"10":0},"b":{"0":[0,0],"1":[0,0],"2":[0,0],"3":[0,0],"4":[0,0],"5":[0,0]},"_coverageSchema":"332fd63041d2c1bcb487cc26dd0d5f7d97098a6c","hash":"a20ac3e9e2c059f968cd05cdf8346fe121042bf1"}
,"/Users/pdeona/Desktop/react-firebase-subscribable/src/FirestoreSubscribable.js": {"path":"/Users/pdeona/Desktop/react-firebase-subscribable/src/FirestoreSubscribable.js","statementMap":{"0":{"start":{"line":24,"column":6},"end":{"line":33,"column":7}},"1":{"start":{"line":25,"column":8},"end":{"line":25,"column":48}},"2":{"start":{"line":25,"column":30},"end":{"line":25,"column":48}},"3":{"start":{"line":26,"column":8},"end":{"line":26,"column":33}},"4":{"start":{"line":26,"column":27},"end":{"line":26,"column":33}},"5":{"start":{"line":28,"column":8},"end":{"line":28,"column":62}},"6":{"start":{"line":30,"column":8},"end":{"line":32,"column":9}},"7":{"start":{"line":31,"column":10},"end":{"line":31,"column":64}},"8":{"start":{"line":37,"column":6},"end":{"line":46,"column":7}},"9":{"start":{"line":38,"column":8},"end":{"line":45,"column":9}},"10":{"start":{"line":47,"column":43},"end":{"line":47,"column":53}},"11":{"start":{"line":48,"column":6},"end":{"line":48,"column":56}},"12":{"start":{"line":52,"column":43},"end":{"line":52,"column":53}},"13":{"start":{"line":53,"column":6},"end":{"line":55,"column":7}},"14":{"start":{"line":54,"column":8},"end":{"line":54,"column":58}},"15":{"start":{"line":59,"column":6},"end":{"line":59,"column":46}},"16":{"start":{"line":59,"column":28},"end":{"line":59,"column":46}},"17":{"start":{"line":63,"column":6},"end":{"line":63,"column":49}},"18":{"start":{"line":67,"column":2},"end":{"line":67,"column":65}}},"fnMap":{"0":{"name":"(anonymous_0)","decl":{"start":{"line":15,"column":15},"end":{"line":15,"column":16}},"loc":{"start":{"line":15,"column":55},"end":{"line":68,"column":1}},"line":15},"1":{"name":"(anonymous_1)","decl":{"start":{"line":23,"column":22},"end":{"line":23,"column":23}},"loc":{"start":{"line":23,"column":75},"end":{"line":34,"column":5}},"line":23},"2":{"name":"(anonymous_2)","decl":{"start":{"line":36,"column":4},"end":{"line":36,"column":5}},"loc":{"start":{"line":36,"column":24},"end":{"line":49,"column":5}},"line":36},"3":{"name":"(anonymous_3)","decl":{"start":{"line":51,"column":4},"end":{"line":51,"column":5}},"loc":{"start":{"line":51,"column":53},"end":{"line":56,"column":5}},"line":51},"4":{"name":"(anonymous_4)","decl":{"start":{"line":58,"column":4},"end":{"line":58,"column":5}},"loc":{"start":{"line":58,"column":27},"end":{"line":60,"column":5}},"line":58},"5":{"name":"(anonymous_5)","decl":{"start":{"line":62,"column":4},"end":{"line":62,"column":5}},"loc":{"start":{"line":62,"column":13},"end":{"line":64,"column":5}},"line":62}},"branchMap":{"0":{"loc":{"start":{"line":20,"column":6},"end":{"line":20,"column":59}},"type":"binary-expr","locations":[{"start":{"line":20,"column":6},"end":{"line":20,"column":34}},{"start":{"line":20,"column":38},"end":{"line":20,"column":59}}],"line":20},"1":{"loc":{"start":{"line":25,"column":8},"end":{"line":25,"column":48}},"type":"if","locations":[{"start":{"line":25,"column":8},"end":{"line":25,"column":48}},{"start":{"line":25,"column":8},"end":{"line":25,"column":48}}],"line":25},"2":{"loc":{"start":{"line":26,"column":8},"end":{"line":26,"column":33}},"type":"if","locations":[{"start":{"line":26,"column":8},"end":{"line":26,"column":33}},{"start":{"line":26,"column":8},"end":{"line":26,"column":33}}],"line":26},"3":{"loc":{"start":{"line":30,"column":8},"end":{"line":32,"column":9}},"type":"if","locations":[{"start":{"line":30,"column":8},"end":{"line":32,"column":9}},{"start":{"line":30,"column":8},"end":{"line":32,"column":9}}],"line":30},"4":{"loc":{"start":{"line":37,"column":6},"end":{"line":46,"column":7}},"type":"if","locations":[{"start":{"line":37,"column":6},"end":{"line":46,"column":7}},{"start":{"line":37,"column":6},"end":{"line":46,"column":7}}],"line":37},"5":{"loc":{"start":{"line":53,"column":6},"end":{"line":55,"column":7}},"type":"if","locations":[{"start":{"line":53,"column":6},"end":{"line":55,"column":7}},{"start":{"line":53,"column":6},"end":{"line":55,"column":7}}],"line":53},"6":{"loc":{"start":{"line":59,"column":6},"end":{"line":59,"column":46}},"type":"if","locations":[{"start":{"line":59,"column":6},"end":{"line":59,"column":46}},{"start":{"line":59,"column":6},"end":{"line":59,"column":46}}],"line":59}},"s":{"0":0,"1":0,"2":0,"3":0,"4":0,"5":0,"6":0,"7":0,"8":0,"9":0,"10":0,"11":0,"12":0,"13":0,"14":0,"15":0,"16":0,"17":0,"18":0},"f":{"0":0,"1":0,"2":0,"3":0,"4":0,"5":0},"b":{"0":[0,0],"1":[0,0],"2":[0,0],"3":[0,0],"4":[0,0],"5":[0,0],"6":[0,0]},"_coverageSchema":"332fd63041d2c1bcb487cc26dd0d5f7d97098a6c","hash":"a4a7a96c59987a71a5651d11bc8301d1a8eef765"}
,"/Users/pdeona/Desktop/react-firebase-subscribable/src/RTDatabaseSubscribable.js": {"path":"/Users/pdeona/Desktop/react-firebase-subscribable/src/RTDatabaseSubscribable.js","statementMap":{"0":{"start":{"line":32,"column":6},"end":{"line":40,"column":7}},"1":{"start":{"line":33,"column":8},"end":{"line":33,"column":32}},"2":{"start":{"line":33,"column":26},"end":{"line":33,"column":32}},"3":{"start":{"line":35,"column":8},"end":{"line":35,"column":45}},"4":{"start":{"line":37,"column":8},"end":{"line":39,"column":9}},"5":{"start":{"line":38,"column":10},"end":{"line":38,"column":68}},"6":{"start":{"line":44,"column":6},"end":{"line":53,"column":7}},"7":{"start":{"line":45,"column":8},"end":{"line":52,"column":9}},"8":{"start":{"line":54,"column":53},"end":{"line":54,"column":63}},"9":{"start":{"line":55,"column":6},"end":{"line":55,"column":66}},"10":{"start":{"line":59,"column":53},"end":{"line":59,"column":63}},"11":{"start":{"line":60,"column":6},"end":{"line":63,"column":7}},"12":{"start":{"line":61,"column":8},"end":{"line":61,"column":83}},"13":{"start":{"line":61,"column":35},"end":{"line":61,"column":83}},"14":{"start":{"line":62,"column":8},"end":{"line":62,"column":68}},"15":{"start":{"line":67,"column":53},"end":{"line":67,"column":63}},"16":{"start":{"line":68,"column":6},"end":{"line":68,"column":61}},"17":{"start":{"line":68,"column":23},"end":{"line":68,"column":61}},"18":{"start":{"line":72,"column":6},"end":{"line":72,"column":49}},"19":{"start":{"line":76,"column":2},"end":{"line":76,"column":60}}},"fnMap":{"0":{"name":"(anonymous_0)","decl":{"start":{"line":23,"column":15},"end":{"line":23,"column":16}},"loc":{"start":{"line":23,"column":55},"end":{"line":77,"column":1}},"line":23},"1":{"name":"(anonymous_1)","decl":{"start":{"line":31,"column":22},"end":{"line":31,"column":23}},"loc":{"start":{"line":31,"column":103},"end":{"line":41,"column":5}},"line":31},"2":{"name":"(anonymous_2)","decl":{"start":{"line":43,"column":4},"end":{"line":43,"column":5}},"loc":{"start":{"line":43,"column":30},"end":{"line":56,"column":5}},"line":43},"3":{"name":"(anonymous_3)","decl":{"start":{"line":58,"column":4},"end":{"line":58,"column":5}},"loc":{"start":{"line":58,"column":67},"end":{"line":64,"column":5}},"line":58},"4":{"name":"(anonymous_4)","decl":{"start":{"line":66,"column":4},"end":{"line":66,"column":5}},"loc":{"start":{"line":66,"column":33},"end":{"line":69,"column":5}},"line":66},"5":{"name":"(anonymous_5)","decl":{"start":{"line":71,"column":4},"end":{"line":71,"column":5}},"loc":{"start":{"line":71,"column":13},"end":{"line":73,"column":5}},"line":71}},"branchMap":{"0":{"loc":{"start":{"line":28,"column":6},"end":{"line":28,"column":59}},"type":"binary-expr","locations":[{"start":{"line":28,"column":6},"end":{"line":28,"column":34}},{"start":{"line":28,"column":38},"end":{"line":28,"column":59}}],"line":28},"1":{"loc":{"start":{"line":31,"column":50},"end":{"line":31,"column":69}},"type":"default-arg","locations":[{"start":{"line":31,"column":62},"end":{"line":31,"column":69}}],"line":31},"2":{"loc":{"start":{"line":33,"column":8},"end":{"line":33,"column":32}},"type":"if","locations":[{"start":{"line":33,"column":8},"end":{"line":33,"column":32}},{"start":{"line":33,"column":8},"end":{"line":33,"column":32}}],"line":33},"3":{"loc":{"start":{"line":37,"column":8},"end":{"line":39,"column":9}},"type":"if","locations":[{"start":{"line":37,"column":8},"end":{"line":39,"column":9}},{"start":{"line":37,"column":8},"end":{"line":39,"column":9}}],"line":37},"4":{"loc":{"start":{"line":44,"column":6},"end":{"line":53,"column":7}},"type":"if","locations":[{"start":{"line":44,"column":6},"end":{"line":53,"column":7}},{"start":{"line":44,"column":6},"end":{"line":53,"column":7}}],"line":44},"5":{"loc":{"start":{"line":60,"column":6},"end":{"line":63,"column":7}},"type":"if","locations":[{"start":{"line":60,"column":6},"end":{"line":63,"column":7}},{"start":{"line":60,"column":6},"end":{"line":63,"column":7}}],"line":60},"6":{"loc":{"start":{"line":61,"column":8},"end":{"line":61,"column":83}},"type":"if","locations":[{"start":{"line":61,"column":8},"end":{"line":61,"column":83}},{"start":{"line":61,"column":8},"end":{"line":61,"column":83}}],"line":61},"7":{"loc":{"start":{"line":68,"column":6},"end":{"line":68,"column":61}},"type":"if","locations":[{"start":{"line":68,"column":6},"end":{"line":68,"column":61}},{"start":{"line":68,"column":6},"end":{"line":68,"column":61}}],"line":68}},"s":{"0":0,"1":0,"2":0,"3":0,"4":0,"5":0,"6":0,"7":0,"8":0,"9":0,"10":0,"11":0,"12":0,"13":0,"14":0,"15":0,"16":0,"17":0,"18":0,"19":0},"f":{"0":0,"1":0,"2":0,"3":0,"4":0,"5":0},"b":{"0":[0,0],"1":[0],"2":[0,0],"3":[0,0],"4":[0,0],"5":[0,0],"6":[0,0],"7":[0,0]},"_coverageSchema":"332fd63041d2c1bcb487cc26dd0d5f7d97098a6c","hash":"ba7130d91ed8dbff33aa389b0b2a1bed651d02fe"}
,"/Users/pdeona/Desktop/react-firebase-subscribable/src/connectAuth.js": {"path":"/Users/pdeona/Desktop/react-firebase-subscribable/src/connectAuth.js","statementMap":{"0":{"start":{"line":8,"column":56},"end":{"line":28,"column":1}},"1":{"start":{"line":17,"column":6},"end":{"line":23,"column":7}},"2":{"start":{"line":20,"column":12},"end":{"line":20,"column":79}},"3":{"start":{"line":27,"column":2},"end":{"line":27,"column":64}}},"fnMap":{"0":{"name":"(anonymous_0)","decl":{"start":{"line":8,"column":15},"end":{"line":8,"column":16}},"loc":{"start":{"line":8,"column":56},"end":{"line":28,"column":1}},"line":8},"1":{"name":"(anonymous_1)","decl":{"start":{"line":8,"column":56},"end":{"line":8,"column":57}},"loc":{"start":{"line":8,"column":96},"end":{"line":28,"column":1}},"line":8},"2":{"name":"(anonymous_2)","decl":{"start":{"line":16,"column":4},"end":{"line":16,"column":5}},"loc":{"start":{"line":16,"column":13},"end":{"line":24,"column":5}},"line":16},"3":{"name":"(anonymous_3)","decl":{"start":{"line":19,"column":11},"end":{"line":19,"column":12}},"loc":{"start":{"line":20,"column":12},"end":{"line":20,"column":79}},"line":20}},"branchMap":{"0":{"loc":{"start":{"line":11,"column":6},"end":{"line":11,"column":59}},"type":"binary-expr","locations":[{"start":{"line":11,"column":6},"end":{"line":11,"column":34}},{"start":{"line":11,"column":38},"end":{"line":11,"column":59}}],"line":11}},"s":{"0":0,"1":0,"2":0,"3":0},"f":{"0":0,"1":0,"2":0,"3":0},"b":{"0":[0,0]},"_coverageSchema":"332fd63041d2c1bcb487cc26dd0d5f7d97098a6c","hash":"b3b3b7690ee63bdb94911fd45dee391e3acae398"}
,"/Users/pdeona/Desktop/react-firebase-subscribable/src/connectFirestore.js": {"path":"/Users/pdeona/Desktop/react-firebase-subscribable/src/connectFirestore.js","statementMap":{"0":{"start":{"line":8,"column":88},"end":{"line":55,"column":1}},"1":{"start":{"line":17,"column":28},"end":{"line":17,"column":40}},"2":{"start":{"line":18,"column":6},"end":{"line":19,"column":30}},"3":{"start":{"line":18,"column":37},"end":{"line":18,"column":68}},"4":{"start":{"line":19,"column":11},"end":{"line":19,"column":30}},"5":{"start":{"line":23,"column":28},"end":{"line":23,"column":40}},"6":{"start":{"line":24,"column":6},"end":{"line":24,"column":26}},"7":{"start":{"line":28,"column":6},"end":{"line":28,"column":65}},"8":{"start":{"line":28,"column":37},"end":{"line":28,"column":65}},"9":{"start":{"line":32,"column":6},"end":{"line":32,"column":42}},"10":{"start":{"line":36,"column":6},"end":{"line":36,"column":77}},"11":{"start":{"line":36,"column":36},"end":{"line":36,"column":77}},"12":{"start":{"line":40,"column":6},"end":{"line":40,"column":47}},"13":{"start":{"line":44,"column":6},"end":{"line":50,"column":7}},"14":{"start":{"line":47,"column":12},"end":{"line":47,"column":80}},"15":{"start":{"line":54,"column":2},"end":{"line":54,"column":69}}},"fnMap":{"0":{"name":"(anonymous_0)","decl":{"start":{"line":8,"column":15},"end":{"line":8,"column":16}},"loc":{"start":{"line":8,"column":88},"end":{"line":55,"column":1}},"line":8},"1":{"name":"(anonymous_1)","decl":{"start":{"line":8,"column":88},"end":{"line":8,"column":89}},"loc":{"start":{"line":8,"column":128},"end":{"line":55,"column":1}},"line":8},"2":{"name":"(anonymous_2)","decl":{"start":{"line":16,"column":16},"end":{"line":16,"column":17}},"loc":{"start":{"line":16,"column":34},"end":{"line":20,"column":5}},"line":16},"3":{"name":"(anonymous_3)","decl":{"start":{"line":22,"column":21},"end":{"line":22,"column":22}},"loc":{"start":{"line":22,"column":34},"end":{"line":25,"column":5}},"line":22},"4":{"name":"(anonymous_4)","decl":{"start":{"line":27,"column":21},"end":{"line":27,"column":22}},"loc":{"start":{"line":27,"column":39},"end":{"line":29,"column":5}},"line":27},"5":{"name":"(anonymous_5)","decl":{"start":{"line":31,"column":4},"end":{"line":31,"column":5}},"loc":{"start":{"line":31,"column":24},"end":{"line":33,"column":5}},"line":31},"6":{"name":"(anonymous_6)","decl":{"start":{"line":35,"column":4},"end":{"line":35,"column":5}},"loc":{"start":{"line":35,"column":34},"end":{"line":37,"column":5}},"line":35},"7":{"name":"(anonymous_7)","decl":{"start":{"line":39,"column":4},"end":{"line":39,"column":5}},"loc":{"start":{"line":39,"column":27},"end":{"line":41,"column":5}},"line":39},"8":{"name":"(anonymous_8)","decl":{"start":{"line":43,"column":4},"end":{"line":43,"column":5}},"loc":{"start":{"line":43,"column":13},"end":{"line":51,"column":5}},"line":43},"9":{"name":"(anonymous_9)","decl":{"start":{"line":46,"column":11},"end":{"line":46,"column":12}},"loc":{"start":{"line":47,"column":12},"end":{"line":47,"column":80}},"line":47}},"branchMap":{"0":{"loc":{"start":{"line":11,"column":6},"end":{"line":11,"column":59}},"type":"binary-expr","locations":[{"start":{"line":11,"column":6},"end":{"line":11,"column":34}},{"start":{"line":11,"column":38},"end":{"line":11,"column":59}}],"line":11},"1":{"loc":{"start":{"line":18,"column":6},"end":{"line":19,"column":30}},"type":"if","locations":[{"start":{"line":18,"column":6},"end":{"line":19,"column":30}},{"start":{"line":18,"column":6},"end":{"line":19,"column":30}}],"line":18},"2":{"loc":{"start":{"line":28,"column":6},"end":{"line":28,"column":65}},"type":"if","locations":[{"start":{"line":28,"column":6},"end":{"line":28,"column":65}},{"start":{"line":28,"column":6},"end":{"line":28,"column":65}}],"line":28},"3":{"loc":{"start":{"line":36,"column":6},"end":{"line":36,"column":77}},"type":"if","locations":[{"start":{"line":36,"column":6},"end":{"line":36,"column":77}},{"start":{"line":36,"column":6},"end":{"line":36,"column":77}}],"line":36}},"s":{"0":0,"1":0,"2":0,"3":0,"4":0,"5":0,"6":0,"7":0,"8":0,"9":0,"10":0,"11":0,"12":0,"13":0,"14":0,"15":0},"f":{"0":0,"1":0,"2":0,"3":0,"4":0,"5":0,"6":0,"7":0,"8":0,"9":0},"b":{"0":[0,0],"1":[0,0],"2":[0,0],"3":[0,0]},"_coverageSchema":"332fd63041d2c1bcb487cc26dd0d5f7d97098a6c","hash":"57b860a0e5a5ac15196fab1602b1d1401f7e7bcb"}
,"/Users/pdeona/Desktop/react-firebase-subscribable/src/createRefMap.js": {"path":"/Users/pdeona/Desktop/react-firebase-subscribable/src/createRefMap.js","statementMap":{"0":{"start":{"line":19,"column":17},"end":{"line":19,"column":55}},"1":{"start":{"line":23,"column":11},"end":{"line":23,"column":12}},"2":{"start":{"line":24,"column":28},"end":{"line":24,"column":39}},"3":{"start":{"line":25,"column":35},"end":{"line":25,"column":37}},"4":{"start":{"line":26,"column":35},"end":{"line":26,"column":37}},"5":{"start":{"line":27,"column":47},"end":{"line":27,"column":49}},"6":{"start":{"line":29,"column":29},"end":{"line":38,"column":3}},"7":{"start":{"line":30,"column":4},"end":{"line":34,"column":5}},"8":{"start":{"line":31,"column":28},"end":{"line":31,"column":34}},"9":{"start":{"line":32,"column":23},"end":{"line":32,"column":72}},"10":{"start":{"line":33,"column":6},"end":{"line":33,"column":30}},"11":{"start":{"line":35,"column":4},"end":{"line":37,"column":6}},"12":{"start":{"line":36,"column":6},"end":{"line":36,"column":25}},"13":{"start":{"line":41,"column":4},"end":{"line":43,"column":5}},"14":{"start":{"line":42,"column":6},"end":{"line":42,"column":19}},"15":{"start":{"line":46,"column":2},"end":{"line":50,"column":11}},"16":{"start":{"line":47,"column":26},"end":{"line":50,"column":6}},"17":{"start":{"line":49,"column":47},"end":{"line":49,"column":70}},"18":{"start":{"line":53,"column":4},"end":{"line":53,"column":24}},"19":{"start":{"line":57,"column":40},"end":{"line":57,"column":62}},"20":{"start":{"line":58,"column":4},"end":{"line":58,"column":46}},"21":{"start":{"line":59,"column":4},"end":{"line":59,"column":31}},"22":{"start":{"line":60,"column":4},"end":{"line":69,"column":5}},"23":{"start":{"line":61,"column":6},"end":{"line":61,"column":58}},"24":{"start":{"line":63,"column":6},"end":{"line":68,"column":7}},"25":{"start":{"line":64,"column":8},"end":{"line":66,"column":10}},"26":{"start":{"line":65,"column":10},"end":{"line":65,"column":39}},"27":{"start":{"line":67,"column":8},"end":{"line":67,"column":30}},"28":{"start":{"line":73,"column":4},"end":{"line":75,"column":5}},"29":{"start":{"line":74,"column":6},"end":{"line":74,"column":12}},"30":{"start":{"line":76,"column":4},"end":{"line":76,"column":64}},"31":{"start":{"line":80,"column":4},"end":{"line":82,"column":5}},"32":{"start":{"line":81,"column":6},"end":{"line":81,"column":35}},"33":{"start":{"line":88,"column":4},"end":{"line":91,"column":5}},"34":{"start":{"line":89,"column":41},"end":{"line":89,"column":60}},"35":{"start":{"line":90,"column":6},"end":{"line":90,"column":22}},"36":{"start":{"line":92,"column":4},"end":{"line":96,"column":5}},"37":{"start":{"line":95,"column":45},"end":{"line":95,"column":68}},"38":{"start":{"line":103,"column":17},"end":{"line":103,"column":26}},"39":{"start":{"line":104,"column":4},"end":{"line":123,"column":5}},"40":{"start":{"line":106,"column":8},"end":{"line":108,"column":9}},"41":{"start":{"line":107,"column":10},"end":{"line":107,"column":71}},"42":{"start":{"line":111,"column":10},"end":{"line":113,"column":11}},"43":{"start":{"line":112,"column":12},"end":{"line":112,"column":37}},"44":{"start":{"line":116,"column":8},"end":{"line":116,"column":17}},"45":{"start":{"line":117,"column":28},"end":{"line":117,"column":41}},"46":{"start":{"line":118,"column":8},"end":{"line":118,"column":30}},"47":{"start":{"line":121,"column":8},"end":{"line":121,"column":19}},"48":{"start":{"line":126,"column":2},"end":{"line":131,"column":3}}},"fnMap":{"0":{"name":"createObservableRefMap","decl":{"start":{"line":20,"column":24},"end":{"line":20,"column":46}},"loc":{"start":{"line":22,"column":20},"end":{"line":132,"column":1}},"line":22},"1":{"name":"(anonymous_1)","decl":{"start":{"line":29,"column":29},"end":{"line":29,"column":30}},"loc":{"start":{"line":29,"column":39},"end":{"line":38,"column":3}},"line":29},"2":{"name":"(anonymous_2)","decl":{"start":{"line":35,"column":22},"end":{"line":35,"column":23}},"loc":{"start":{"line":35,"column":34},"end":{"line":37,"column":5}},"line":35},"3":{"name":"unsub","decl":{"start":{"line":40,"column":11},"end":{"line":40,"column":16}},"loc":{"start":{"line":40,"column":43},"end":{"line":44,"column":3}},"line":40},"4":{"name":"(anonymous_4)","decl":{"start":{"line":47,"column":12},"end":{"line":47,"column":13}},"loc":{"start":{"line":47,"column":26},"end":{"line":50,"column":6}},"line":47},"5":{"name":"(anonymous_5)","decl":{"start":{"line":49,"column":39},"end":{"line":49,"column":40}},"loc":{"start":{"line":49,"column":47},"end":{"line":49,"column":70}},"line":49},"6":{"name":"getState","decl":{"start":{"line":52,"column":11},"end":{"line":52,"column":19}},"loc":{"start":{"line":52,"column":22},"end":{"line":54,"column":3}},"line":52},"7":{"name":"subscribe","decl":{"start":{"line":56,"column":11},"end":{"line":56,"column":20}},"loc":{"start":{"line":56,"column":31},"end":{"line":70,"column":3}},"line":56},"8":{"name":"unsubscribe","decl":{"start":{"line":60,"column":20},"end":{"line":60,"column":31}},"loc":{"start":{"line":60,"column":34},"end":{"line":69,"column":5}},"line":60},"9":{"name":"(anonymous_9)","decl":{"start":{"line":64,"column":47},"end":{"line":64,"column":48}},"loc":{"start":{"line":64,"column":54},"end":{"line":66,"column":9}},"line":64},"10":{"name":"injectRef","decl":{"start":{"line":72,"column":11},"end":{"line":72,"column":20}},"loc":{"start":{"line":72,"column":35},"end":{"line":97,"column":3}},"line":72},"11":{"name":"(anonymous_11)","decl":{"start":{"line":95,"column":37},"end":{"line":95,"column":38}},"loc":{"start":{"line":95,"column":45},"end":{"line":95,"column":68}},"line":95},"12":{"name":"observable","decl":{"start":{"line":102,"column":11},"end":{"line":102,"column":21}},"loc":{"start":{"line":102,"column":24},"end":{"line":124,"column":3}},"line":102},"13":{"name":"observe","decl":{"start":{"line":110,"column":17},"end":{"line":110,"column":24}},"loc":{"start":{"line":110,"column":27},"end":{"line":114,"column":9}},"line":110}},"branchMap":{"0":{"loc":{"start":{"line":21,"column":2},"end":{"line":21,"column":26}},"type":"default-arg","locations":[{"start":{"line":21,"column":24},"end":{"line":21,"column":26}}],"line":21},"1":{"loc":{"start":{"line":30,"column":4},"end":{"line":34,"column":5}},"type":"if","locations":[{"start":{"line":30,"column":4},"end":{"line":34,"column":5}},{"start":{"line":30,"column":4},"end":{"line":34,"column":5}}],"line":30},"2":{"loc":{"start":{"line":41,"column":4},"end":{"line":43,"column":5}},"type":"if","locations":[{"start":{"line":41,"column":4},"end":{"line":43,"column":5}},{"start":{"line":41,"column":4},"end":{"line":43,"column":5}}],"line":41},"3":{"loc":{"start":{"line":48,"column":13},"end":{"line":49,"column":71}},"type":"binary-expr","locations":[{"start":{"line":48,"column":13},"end":{"line":48,"column":29}},{"start":{"line":49,"column":11},"end":{"line":49,"column":71}}],"line":48},"4":{"loc":{"start":{"line":63,"column":6},"end":{"line":68,"column":7}},"type":"if","locations":[{"start":{"line":63,"column":6},"end":{"line":68,"column":7}},{"start":{"line":63,"column":6},"end":{"line":68,"column":7}}],"line":63},"5":{"loc":{"start":{"line":73,"column":4},"end":{"line":75,"column":5}},"type":"if","locations":[{"start":{"line":73,"column":4},"end":{"line":75,"column":5}},{"start":{"line":73,"column":4},"end":{"line":75,"column":5}}],"line":73},"6":{"loc":{"start":{"line":73,"column":8},"end":{"line":73,"column":65}},"type":"binary-expr","locations":[{"start":{"line":73,"column":8},"end":{"line":73,"column":37}},{"start":{"line":73,"column":41},"end":{"line":73,"column":65}}],"line":73},"7":{"loc":{"start":{"line":80,"column":4},"end":{"line":82,"column":5}},"type":"if","locations":[{"start":{"line":80,"column":4},"end":{"line":82,"column":5}},{"start":{"line":80,"column":4},"end":{"line":82,"column":5}}],"line":80},"8":{"loc":{"start":{"line":88,"column":4},"end":{"line":91,"column":5}},"type":"if","locations":[{"start":{"line":88,"column":4},"end":{"line":91,"column":5}},{"start":{"line":88,"column":4},"end":{"line":91,"column":5}}],"line":88},"9":{"loc":{"start":{"line":88,"column":8},"end":{"line":88,"column":47}},"type":"binary-expr","locations":[{"start":{"line":88,"column":8},"end":{"line":88,"column":39}},{"start":{"line":88,"column":43},"end":{"line":88,"column":47}}],"line":88},"10":{"loc":{"start":{"line":95,"column":15},"end":{"line":95,"column":69}},"type":"binary-expr","locations":[{"start":{"line":95,"column":15},"end":{"line":95,"column":18}},{"start":{"line":95,"column":22},"end":{"line":95,"column":69}}],"line":95},"11":{"loc":{"start":{"line":106,"column":8},"end":{"line":108,"column":9}},"type":"if","locations":[{"start":{"line":106,"column":8},"end":{"line":108,"column":9}},{"start":{"line":106,"column":8},"end":{"line":108,"column":9}}],"line":106},"12":{"loc":{"start":{"line":106,"column":12},"end":{"line":106,"column":61}},"type":"binary-expr","locations":[{"start":{"line":106,"column":12},"end":{"line":106,"column":40}},{"start":{"line":106,"column":44},"end":{"line":106,"column":61}}],"line":106},"13":{"loc":{"start":{"line":111,"column":10},"end":{"line":113,"column":11}},"type":"if","locations":[{"start":{"line":111,"column":10},"end":{"line":113,"column":11}},{"start":{"line":111,"column":10},"end":{"line":113,"column":11}}],"line":111}},"s":{"0":1,"1":12,"2":12,"3":12,"4":12,"5":12,"6":12,"7":27,"8":9,"9":9,"10":9,"11":27,"12":26,"13":10,"14":7,"15":12,"16":1,"17":2,"18":31,"19":18,"20":18,"21":18,"22":18,"23":24,"24":24,"25":23,"26":8,"27":23,"28":10,"29":1,"30":9,"31":9,"32":2,"33":9,"34":1,"35":1,"36":9,"37":6,"38":2,"39":2,"40":4,"41":2,"42":4,"43":2,"44":2,"45":2,"46":2,"47":1,"48":12},"f":{"0":12,"1":27,"2":26,"3":10,"4":1,"5":2,"6":31,"7":18,"8":24,"9":8,"10":10,"11":6,"12":2,"13":4},"b":{"0":[11],"1":[9,18],"2":[7,3],"3":[1,1],"4":[23,1],"5":[1,9],"6":[10,3],"7":[2,7],"8":[1,8],"9":[9,1],"10":[9,6],"11":[2,2],"12":[4,3],"13":[2,2]},"_coverageSchema":"332fd63041d2c1bcb487cc26dd0d5f7d97098a6c","hash":"3f83d68f09123f412753a8180aec441260fbf7e5"}
,"/Users/pdeona/Desktop/react-firebase-subscribable/src/index.js": {"path":"/Users/pdeona/Desktop/react-firebase-subscribable/src/index.js","statementMap":{},"fnMap":{},"branchMap":{},"s":{},"f":{},"b":{},"_coverageSchema":"332fd63041d2c1bcb487cc26dd0d5f7d97098a6c","hash":"299e5cce4e5ddbd93ff6d3422adc230183def758"}
,"/Users/pdeona/Desktop/react-firebase-subscribable/src/shared.js": {"path":"/Users/pdeona/Desktop/react-firebase-subscribable/src/shared.js","statementMap":{"0":{"start":{"line":3,"column":29},"end":{"line":3,"column":167}},"1":{"start":{"line":3,"column":99},"end":{"line":3,"column":167}},"2":{"start":{"line":7,"column":4},"end":{"line":7,"column":65}},"3":{"start":{"line":31,"column":33},"end":{"line":59,"column":1}},"4":{"start":{"line":36,"column":41},"end":{"line":54,"column":4}},"5":{"start":{"line":37,"column":4},"end":{"line":44,"column":5}},"6":{"start":{"line":38,"column":47},"end":{"line":38,"column":51}},"7":{"start":{"line":39,"column":6},"end":{"line":43,"column":14}},"8":{"start":{"line":45,"column":4},"end":{"line":52,"column":5}},"9":{"start":{"line":46,"column":37},"end":{"line":46,"column":41}},"10":{"start":{"line":47,"column":6},"end":{"line":51,"column":14}},"11":{"start":{"line":53,"column":4},"end":{"line":53,"column":15}},"12":{"start":{"line":55,"column":2},"end":{"line":58,"column":61}},"13":{"start":{"line":56,"column":17},"end":{"line":56,"column":20}},"14":{"start":{"line":58,"column":16},"end":{"line":58,"column":60}}},"fnMap":{"0":{"name":"(anonymous_0)","decl":{"start":{"line":3,"column":29},"end":{"line":3,"column":30}},"loc":{"start":{"line":3,"column":99},"end":{"line":3,"column":167}},"line":3},"1":{"name":"(anonymous_1)","decl":{"start":{"line":6,"column":2},"end":{"line":6,"column":3}},"loc":{"start":{"line":6,"column":48},"end":{"line":8,"column":3}},"line":6},"2":{"name":"(anonymous_2)","decl":{"start":{"line":31,"column":33},"end":{"line":31,"column":34}},"loc":{"start":{"line":35,"column":26},"end":{"line":59,"column":1}},"line":35},"3":{"name":"(anonymous_3)","decl":{"start":{"line":36,"column":59},"end":{"line":36,"column":60}},"loc":{"start":{"line":36,"column":104},"end":{"line":54,"column":3}},"line":36},"4":{"name":"(anonymous_4)","decl":{"start":{"line":56,"column":12},"end":{"line":56,"column":13}},"loc":{"start":{"line":56,"column":17},"end":{"line":56,"column":20}},"line":56},"5":{"name":"(anonymous_5)","decl":{"start":{"line":58,"column":9},"end":{"line":58,"column":10}},"loc":{"start":{"line":58,"column":16},"end":{"line":58,"column":60}},"line":58}},"branchMap":{"0":{"loc":{"start":{"line":37,"column":4},"end":{"line":44,"column":5}},"type":"if","locations":[{"start":{"line":37,"column":4},"end":{"line":44,"column":5}},{"start":{"line":37,"column":4},"end":{"line":44,"column":5}}],"line":37},"1":{"loc":{"start":{"line":39,"column":13},"end":{"line":43,"column":14}},"type":"cond-expr","locations":[{"start":{"line":39,"column":43},"end":{"line":43,"column":7}},{"start":{"line":43,"column":10},"end":{"line":43,"column":14}}],"line":39},"2":{"loc":{"start":{"line":42,"column":8},"end":{"line":42,"column":44}},"type":"binary-expr","locations":[{"start":{"line":42,"column":8},"end":{"line":42,"column":15}},{"start":{"line":42,"column":19},"end":{"line":42,"column":44}}],"line":42},"3":{"loc":{"start":{"line":45,"column":4},"end":{"line":52,"column":5}},"type":"if","locations":[{"start":{"line":45,"column":4},"end":{"line":52,"column":5}},{"start":{"line":45,"column":4},"end":{"line":52,"column":5}}],"line":45},"4":{"loc":{"start":{"line":47,"column":13},"end":{"line":51,"column":14}},"type":"cond-expr","locations":[{"start":{"line":47,"column":51},"end":{"line":51,"column":7}},{"start":{"line":51,"column":10},"end":{"line":51,"column":14}}],"line":47}},"s":{"0":1,"1":0,"2":0,"3":1,"4":0,"5":0,"6":0,"7":0,"8":0,"9":0,"10":0,"11":0,"12":0,"13":0,"14":0},"f":{"0":0,"1":0,"2":0,"3":0,"4":0,"5":0},"b":{"0":[0,0],"1":[0,0],"2":[0,0],"3":[0,0],"4":[0,0]},"_coverageSchema":"332fd63041d2c1bcb487cc26dd0d5f7d97098a6c","hash":"7eaf64621987162f686313ddae054ebb84b61653"}
}
