TN:
SF:/Users/pdeona/Desktop/react-firebase-subscribable/src/AuthProvider.js
FN:27,(anonymous_0)
FN:30,(anonymous_1)
FN:31,(anonymous_2)
FN:35,(anonymous_3)
FN:42,(anonymous_4)
FN:59,(anonymous_5)
FN:63,(anonymous_6)
FNF:7
FNH:0
FNDA:0,(anonymous_0)
FNDA:0,(anonymous_1)
FNDA:0,(anonymous_2)
FNDA:0,(anonymous_3)
FNDA:0,(anonymous_4)
FNDA:0,(anonymous_5)
FNDA:0,(anonymous_6)
DA:18,1
DA:28,0
DA:29,0
DA:30,0
DA:31,0
DA:36,0
DA:37,0
DA:42,0
DA:48,0
DA:49,0
DA:51,0
DA:53,0
DA:54,0
DA:60,0
DA:64,0
DA:65,0
DA:66,0
LF:17
LH:1
BRDA:31,0,0,0
BRDA:31,0,1,0
BRDA:36,1,0,0
BRDA:36,1,1,0
BRDA:42,2,0,0
BRDA:42,2,1,0
BRDA:53,3,0,0
BRDA:53,3,1,0
BRDA:60,4,0,0
BRDA:60,4,1,0
BRF:10
BRH:0
end_of_record
TN:
SF:/Users/pdeona/Desktop/react-firebase-subscribable/src/AuthSubscribable.js
FN:13,(anonymous_0)
FN:21,(anonymous_1)
FN:28,(anonymous_2)
FN:49,(anonymous_3)
FN:53,(anonymous_4)
FNF:5
FNH:0
FNDA:0,(anonymous_0)
FNDA:0,(anonymous_1)
FNDA:0,(anonymous_2)
FNDA:0,(anonymous_3)
FNDA:0,(anonymous_4)
DA:22,0
DA:23,0
DA:28,0
DA:38,0
DA:39,0
DA:41,0
DA:43,0
DA:44,0
DA:50,0
DA:54,0
DA:58,0
LF:11
LH:0
BRDA:18,0,0,0
BRDA:18,0,1,0
BRDA:22,1,0,0
BRDA:22,1,1,0
BRDA:28,2,0,0
BRDA:28,2,1,0
BRDA:43,3,0,0
BRDA:43,3,1,0
BRDA:50,4,0,0
BRDA:50,4,1,0
BRF:10
BRH:0
end_of_record
TN:
SF:/Users/pdeona/Desktop/react-firebase-subscribable/src/FirestoreProvider.js
FN:21,(anonymous_0)
FN:33,(anonymous_1)
FN:42,(anonymous_2)
FN:47,(anonymous_3)
FN:52,(anonymous_4)
FN:61,(anonymous_5)
FN:66,(anonymous_6)
FN:69,(anonymous_7)
FN:73,(anonymous_8)
FN:82,(anonymous_9)
FN:91,(anonymous_10)
FNF:11
FNH:0
FNDA:0,(anonymous_0)
FNDA:0,(anonymous_1)
FNDA:0,(anonymous_2)
FNDA:0,(anonymous_3)
FNDA:0,(anonymous_4)
FNDA:0,(anonymous_5)
FNDA:0,(anonymous_6)
FNDA:0,(anonymous_7)
FNDA:0,(anonymous_8)
FNDA:0,(anonymous_9)
FNDA:0,(anonymous_10)
DA:19,1
DA:34,0
DA:35,0
DA:36,0
DA:43,0
DA:44,0
DA:48,0
DA:49,0
DA:53,0
DA:54,0
DA:55,0
DA:57,0
DA:62,0
DA:63,0
DA:67,0
DA:69,0
DA:70,0
DA:72,0
DA:73,0
DA:74,0
DA:75,0
DA:77,0
DA:81,0
DA:82,0
DA:83,0
DA:84,0
DA:86,0
DA:92,0
DA:93,0
LF:29
LH:1
BRDA:54,0,0,0
BRDA:54,0,1,0
BRDA:55,1,0,0
BRDA:55,1,1,0
BRDA:62,2,0,0
BRDA:62,2,1,0
BRDA:70,3,0,0
BRDA:70,3,1,0
BRDA:74,4,0,0
BRDA:74,4,1,0
BRDA:83,5,0,0
BRDA:83,5,1,0
BRF:12
BRH:0
end_of_record
TN:
SF:/Users/pdeona/Desktop/react-firebase-subscribable/src/FirestoreSubscribable.js
FN:15,(anonymous_0)
FN:23,(anonymous_1)
FN:36,(anonymous_2)
FN:51,(anonymous_3)
FN:58,(anonymous_4)
FN:62,(anonymous_5)
FNF:6
FNH:0
FNDA:0,(anonymous_0)
FNDA:0,(anonymous_1)
FNDA:0,(anonymous_2)
FNDA:0,(anonymous_3)
FNDA:0,(anonymous_4)
FNDA:0,(anonymous_5)
DA:24,0
DA:25,0
DA:26,0
DA:28,0
DA:30,0
DA:31,0
DA:37,0
DA:38,0
DA:47,0
DA:48,0
DA:52,0
DA:53,0
DA:54,0
DA:59,0
DA:63,0
DA:67,0
LF:16
LH:0
BRDA:20,0,0,0
BRDA:20,0,1,0
BRDA:25,1,0,0
BRDA:25,1,1,0
BRDA:26,2,0,0
BRDA:26,2,1,0
BRDA:30,3,0,0
BRDA:30,3,1,0
BRDA:37,4,0,0
BRDA:37,4,1,0
BRDA:53,5,0,0
BRDA:53,5,1,0
BRDA:59,6,0,0
BRDA:59,6,1,0
BRF:14
BRH:0
end_of_record
TN:
SF:/Users/pdeona/Desktop/react-firebase-subscribable/src/RTDatabaseSubscribable.js
FN:23,(anonymous_0)
FN:31,(anonymous_1)
FN:43,(anonymous_2)
FN:58,(anonymous_3)
FN:66,(anonymous_4)
FN:71,(anonymous_5)
FNF:6
FNH:0
FNDA:0,(anonymous_0)
FNDA:0,(anonymous_1)
FNDA:0,(anonymous_2)
FNDA:0,(anonymous_3)
FNDA:0,(anonymous_4)
FNDA:0,(anonymous_5)
DA:32,0
DA:33,0
DA:35,0
DA:37,0
DA:38,0
DA:44,0
DA:45,0
DA:54,0
DA:55,0
DA:59,0
DA:60,0
DA:61,0
DA:62,0
DA:67,0
DA:68,0
DA:72,0
DA:76,0
LF:17
LH:0
BRDA:28,0,0,0
BRDA:28,0,1,0
BRDA:31,1,0,0
BRDA:33,2,0,0
BRDA:33,2,1,0
BRDA:37,3,0,0
BRDA:37,3,1,0
BRDA:44,4,0,0
BRDA:44,4,1,0
BRDA:60,5,0,0
BRDA:60,5,1,0
BRDA:61,6,0,0
BRDA:61,6,1,0
BRDA:68,7,0,0
BRDA:68,7,1,0
BRF:15
BRH:0
end_of_record
TN:
SF:/Users/pdeona/Desktop/react-firebase-subscribable/src/connectAuth.js
FN:8,(anonymous_0)
FN:8,(anonymous_1)
FN:16,(anonymous_2)
FN:19,(anonymous_3)
FNF:4
FNH:0
FNDA:0,(anonymous_0)
FNDA:0,(anonymous_1)
FNDA:0,(anonymous_2)
FNDA:0,(anonymous_3)
DA:8,0
DA:17,0
DA:20,0
DA:27,0
LF:4
LH:0
BRDA:11,0,0,0
BRDA:11,0,1,0
BRF:2
BRH:0
end_of_record
TN:
SF:/Users/pdeona/Desktop/react-firebase-subscribable/src/connectFirestore.js
FN:8,(anonymous_0)
FN:8,(anonymous_1)
FN:16,(anonymous_2)
FN:22,(anonymous_3)
FN:27,(anonymous_4)
FN:31,(anonymous_5)
FN:35,(anonymous_6)
FN:39,(anonymous_7)
FN:43,(anonymous_8)
FN:46,(anonymous_9)
FNF:10
FNH:0
FNDA:0,(anonymous_0)
FNDA:0,(anonymous_1)
FNDA:0,(anonymous_2)
FNDA:0,(anonymous_3)
FNDA:0,(anonymous_4)
FNDA:0,(anonymous_5)
FNDA:0,(anonymous_6)
FNDA:0,(anonymous_7)
FNDA:0,(anonymous_8)
FNDA:0,(anonymous_9)
DA:8,0
DA:17,0
DA:18,0
DA:19,0
DA:23,0
DA:24,0
DA:28,0
DA:32,0
DA:36,0
DA:40,0
DA:44,0
DA:47,0
DA:54,0
LF:13
LH:0
BRDA:11,0,0,0
BRDA:11,0,1,0
BRDA:18,1,0,0
BRDA:18,1,1,0
BRDA:28,2,0,0
BRDA:28,2,1,0
BRDA:36,3,0,0
BRDA:36,3,1,0
BRF:8
BRH:0
end_of_record
TN:
SF:/Users/pdeona/Desktop/react-firebase-subscribable/src/createRefMap.js
FN:20,createObservableRefMap
FN:29,(anonymous_1)
FN:35,(anonymous_2)
FN:40,unsub
FN:47,(anonymous_4)
FN:49,(anonymous_5)
FN:52,getState
FN:56,subscribe
FN:60,unsubscribe
FN:64,(anonymous_9)
FN:72,injectRef
FN:95,(anonymous_11)
FN:102,observable
FN:110,observe
FNF:14
FNH:14
FNDA:12,createObservableRefMap
FNDA:27,(anonymous_1)
FNDA:26,(anonymous_2)
FNDA:10,unsub
FNDA:1,(anonymous_4)
FNDA:2,(anonymous_5)
FNDA:31,getState
FNDA:18,subscribe
FNDA:24,unsubscribe
FNDA:8,(anonymous_9)
FNDA:10,injectRef
FNDA:6,(anonymous_11)
FNDA:2,observable
FNDA:4,observe
DA:19,1
DA:23,12
DA:24,12
DA:25,12
DA:26,12
DA:27,12
DA:29,12
DA:30,27
DA:31,9
DA:32,9
DA:33,9
DA:35,27
DA:36,26
DA:41,10
DA:42,7
DA:46,12
DA:47,1
DA:49,2
DA:53,31
DA:57,18
DA:58,18
DA:59,18
DA:60,18
DA:61,24
DA:63,24
DA:64,23
DA:65,8
DA:67,23
DA:73,10
DA:74,1
DA:76,9
DA:80,9
DA:81,2
DA:88,9
DA:89,1
DA:90,1
DA:92,9
DA:95,6
DA:103,2
DA:104,2
DA:106,4
DA:107,2
DA:111,4
DA:112,2
DA:116,2
DA:117,2
DA:118,2
DA:121,1
DA:126,12
LF:49
LH:49
BRDA:21,0,0,11
BRDA:30,1,0,9
BRDA:30,1,1,18
BRDA:41,2,0,7
BRDA:41,2,1,3
BRDA:48,3,0,1
BRDA:48,3,1,1
BRDA:63,4,0,23
BRDA:63,4,1,1
BRDA:73,5,0,1
BRDA:73,5,1,9
BRDA:73,6,0,10
BRDA:73,6,1,3
BRDA:80,7,0,2
BRDA:80,7,1,7
BRDA:88,8,0,1
BRDA:88,8,1,8
BRDA:88,9,0,9
BRDA:88,9,1,1
BRDA:95,10,0,9
BRDA:95,10,1,6
BRDA:106,11,0,2
BRDA:106,11,1,2
BRDA:106,12,0,4
BRDA:106,12,1,3
BRDA:111,13,0,2
BRDA:111,13,1,2
BRF:27
BRH:27
end_of_record
TN:
SF:/Users/pdeona/Desktop/react-firebase-subscribable/src/index.js
FNF:0
FNH:0
LF:0
LH:0
BRF:0
BRH:0
end_of_record
TN:
SF:/Users/pdeona/Desktop/react-firebase-subscribable/src/shared.js
FN:3,(anonymous_0)
FN:6,(anonymous_1)
FN:31,(anonymous_2)
FN:36,(anonymous_3)
FN:56,(anonymous_4)
FN:58,(anonymous_5)
FNF:6
FNH:0
FNDA:0,(anonymous_0)
FNDA:0,(anonymous_1)
FNDA:0,(anonymous_2)
FNDA:0,(anonymous_3)
FNDA:0,(anonymous_4)
FNDA:0,(anonymous_5)
DA:3,1
DA:7,0
DA:31,1
DA:36,0
DA:37,0
DA:38,0
DA:39,0
DA:45,0
DA:46,0
DA:47,0
DA:53,0
DA:55,0
DA:56,0
DA:58,0
LF:14
LH:2
BRDA:37,0,0,0
BRDA:37,0,1,0
BRDA:39,1,0,0
BRDA:39,1,1,0
BRDA:42,2,0,0
BRDA:42,2,1,0
BRDA:45,3,0,0
BRDA:45,3,1,0
BRDA:47,4,0,0
BRDA:47,4,1,0
BRF:10
BRH:0
end_of_record
